2017-02-19 14:34:50,453 - SF: - INFO:
ttn = 0 

2017-02-19 14:35:23,473 - SF: - INFO:
Building connection to Mysql...

2017-02-19 14:36:42,029 - SF: - INFO:
('information_schema',)

2017-02-19 14:36:42,029 - SF: - INFO:
('again_sql_learn',)

2017-02-19 14:36:42,029 - SF: - INFO:
('mysql',)

2017-02-19 14:36:42,029 - SF: - INFO:
('performance_schema',)

2017-02-19 14:36:42,029 - SF: - INFO:
('spider',)

2017-02-19 14:36:42,030 - SF: - INFO:
('sql-learn',)

2017-02-19 14:36:42,030 - SF: - INFO:
('sys',)

2017-02-19 14:36:42,032 - SF: - INFO:
('tsg_import_study01',)

2017-02-19 14:37:24,168 - SF: - INFO:
('originurl',)

2017-02-19 16:53:25,838 - SF: - INFO:
('originurl',)

2017-02-19 16:53:25,838 - SF: - INFO:
('tips',)

2017-02-19 17:09:42,525 - SF: - INFO:
('originurl',)

2017-02-19 17:09:42,525 - SF: - INFO:
('tips',)

2017-02-19 17:17:11,153 - SF: - INFO:
(2, 'Frist line using for a test!', None)

2017-02-19 17:17:11,153 - SF: - INFO:
(3, 'Frist line using for a test!', None)

2017-02-19 17:17:11,153 - SF: - INFO:
(4, 'Frist line using for a test!', None)

2017-02-19 17:17:11,154 - SF: - INFO:
(5, 'Frist line using for a test!', None)

2017-02-19 17:17:11,154 - SF: - INFO:
(6, 'Frist line using for a test!', None)

2017-02-19 17:17:11,154 - SF: - INFO:
(7, 'Frist line using for a test!', None)

2017-02-19 17:17:11,154 - SF: - INFO:
(8, 'Frist line using for a test!', None)

2017-02-19 17:17:11,154 - SF: - INFO:
(9, 'Frist line using for a test!', None)

2017-02-19 17:17:11,155 - SF: - INFO:
(10, 'Frist line using for a test!', None)

2017-02-19 17:17:11,155 - SF: - INFO:
(11, 'Frist line using for a test!', None)

2017-02-19 17:19:36,506 - SF: - INFO:
Building connection to Mysql...

2017-02-19 17:19:55,710 - SF: - INFO:
('originurl',)

2017-02-19 17:19:55,711 - SF: - INFO:
('tips',)

2017-02-19 17:21:24,353 - SF: - INFO:
(66, 'Frist line using for a test!', None)

2017-02-19 20:40:45,448 - SF: - INFO:
ttn = 0 

2017-02-19 20:40:45,463 - SF: - INFO:
Building connection to Mysql...

2017-02-19 20:40:45,467 - SF: - INFO:
('information_schema',)

2017-02-19 20:40:45,468 - SF: - INFO:
('again_sql_learn',)

2017-02-19 20:40:45,470 - SF: - INFO:
('mysql',)

2017-02-19 20:40:45,471 - SF: - INFO:
('performance_schema',)

2017-02-19 20:40:45,471 - SF: - INFO:
('spider',)

2017-02-19 20:40:45,473 - SF: - INFO:
('sql-learn',)

2017-02-19 20:40:45,473 - SF: - INFO:
('sys',)

2017-02-19 20:40:45,474 - SF: - INFO:
('tsg_import_study01',)

2017-02-19 20:40:45,477 - SF: - INFO:
('originurl',)

2017-02-19 20:40:45,478 - SF: - INFO:
('tips',)

2017-02-19 21:09:11,313 - SF: - INFO:
ttn = 0 

2017-02-19 21:09:11,380 - SF: - INFO:
Building connection to Mysql...

2017-02-19 21:09:11,403 - SF: - INFO:
('information_schema',)

2017-02-19 21:09:11,404 - SF: - INFO:
('again_sql_learn',)

2017-02-19 21:09:11,405 - SF: - INFO:
('mysql',)

2017-02-19 21:09:11,406 - SF: - INFO:
('performance_schema',)

2017-02-19 21:09:11,407 - SF: - INFO:
('spider',)

2017-02-19 21:09:11,409 - SF: - INFO:
('sql-learn',)

2017-02-19 21:09:11,410 - SF: - INFO:
('sys',)

2017-02-19 21:09:11,411 - SF: - INFO:
('tsg_import_study01',)

2017-02-19 21:09:11,415 - SF: - INFO:
('originurl',)

2017-02-19 21:09:11,416 - SF: - INFO:
('tips',)

2017-02-19 21:15:50,634 - SF: - INFO:
(66, 'Frist line using for a test!', None)

2017-02-19 21:15:50,634 - SF: - INFO:
(67, 'This is a test !', None)

2017-02-19 21:19:24,300 - SF: - INFO:
(66, 'Frist line using for a test!', None)

2017-02-19 21:19:24,300 - SF: - INFO:
(67, 'This is a test !', None)

2017-02-19 21:19:24,300 - SF: - INFO:
(68, '当前学习思路：\n', None)

2017-02-19 21:19:24,315 - SF: - INFO:
(69, '1、拿出时间泡github，进行各种尝试的探索和搜索代码，一年之中，看能吃出点什么。\n', None)

2017-02-19 21:19:24,319 - SF: - INFO:
(70, '\t论坛即生命：远离论坛，你终将死去。\n', None)

2017-02-19 21:19:24,323 - SF: - INFO:
(71, '2、以“项目建设为中心”！根据技能树和当下需要，每段时间选择一个项目实现之。\n', None)

2017-02-19 21:19:24,328 - SF: - INFO:
(72, '\t根据经验：项目可以分为许多小的分目标，逐个学习并实现分目标，最终完整实现整个项目。\n', None)

2017-02-19 21:19:24,333 - SF: - INFO:
(73, '\t\t 突破项目中新知识点即是学习运用新知识的过程。\n', None)

2017-02-19 21:19:24,338 - SF: - INFO:
(74, '\t温故知新：项目间隙，看以前的旧项目，和做旧项目时的相关网页和文档\n', None)

2017-02-19 21:19:24,342 - SF: - INFO:
(75, '\t\t 可以极大巩固所学，学习做到了目标精准，有的放矢，同时刺激新思维。\n', None)

2017-02-19 21:42:00,735 - SF: - INFO:
(76, '3、不同阶段找到相应难度的“教程”，坚持每天学一点。\n', None)

2017-02-19 21:42:00,735 - SF: - INFO:
(77, '\t系统的学习：没有系统学习，你注定是柔弱的。教材阅读可以作为闲暇的穿插。\n', None)

2017-02-19 21:42:00,736 - SF: - INFO:
(78, '4、其实没什么比所学模块和软件的文档更好的资料了，记得一个大神就是通读微软的API和系统文档来着。\n', None)

2017-02-19 21:42:00,737 - SF: - INFO:
(79, '\t熟读文档：没有比这更好的方法，没有比这更好的资料。\n', None)

2017-02-19 21:42:00,742 - SF: - INFO:
(80, '》》》》》》》》》》》》》》》》》》》》》》》》》》》》》》》》》》》》》\n', None)

2017-02-19 21:42:00,747 - SF: - INFO:
(81, "conn = pyodbc.connect( r'driver={SQL Server}; server=localhost; database=easybook; user = saa; password = sa' )\n", None)

2017-02-19 21:42:00,748 - SF: - INFO:
(82, "conn = pyodbc.connect(r'driver={SQL Server};server=localhost;database=easybook;uid=sa;pwd=sa')\n", None)

2017-02-19 21:42:00,749 - SF: - INFO:
(83, '\n', None)

2017-02-19 21:42:00,751 - SF: - INFO:
(84, '>>>>>>>>>>>>>>>>>>>>>>>>>>>>>>>>>>>>>>>>>...\n', None)

2017-02-19 21:42:00,752 - SF: - INFO:
(85, '01-17\n', None)

2017-02-19 22:32:43,664 - SF: - INFO:
ttn = 0 

2017-02-19 22:32:43,676 - SF: - INFO:
Building connection to Mysql...

2017-02-19 22:32:43,680 - SF: - INFO:
('information_schema',)

2017-02-19 22:32:43,680 - SF: - INFO:
('again_sql_learn',)

2017-02-19 22:32:43,680 - SF: - INFO:
('mysql',)

2017-02-19 22:32:43,681 - SF: - INFO:
('performance_schema',)

2017-02-19 22:32:43,681 - SF: - INFO:
('spider',)

2017-02-19 22:32:43,681 - SF: - INFO:
('sql-learn',)

2017-02-19 22:32:43,681 - SF: - INFO:
('sys',)

2017-02-19 22:32:43,682 - SF: - INFO:
('tsg_import_study01',)

2017-02-19 22:32:43,683 - SF: - INFO:
('originurl',)

2017-02-19 22:32:43,683 - SF: - INFO:
('tips',)

2017-02-20 19:22:18,042 - SF: - INFO:
ttn = 0 

2017-02-20 19:22:18,070 - SF: - INFO:
Building connection to Mysql...

2017-02-20 19:22:18,076 - SF: - INFO:
('information_schema',)

2017-02-20 19:22:18,076 - SF: - INFO:
('again_sql_learn',)

2017-02-20 19:22:18,077 - SF: - INFO:
('mysql',)

2017-02-20 19:22:18,077 - SF: - INFO:
('performance_schema',)

2017-02-20 19:22:18,078 - SF: - INFO:
('spider',)

2017-02-20 19:22:18,079 - SF: - INFO:
('sql-learn',)

2017-02-20 19:22:18,079 - SF: - INFO:
('sys',)

2017-02-20 19:22:18,080 - SF: - INFO:
('tsg_import_study01',)

2017-02-20 19:22:18,082 - SF: - INFO:
('originurl',)

2017-02-20 19:22:18,083 - SF: - INFO:
('test',)

2017-02-20 19:22:18,084 - SF: - INFO:
('tips',)

2017-02-20 19:26:32,181 - SF: - INFO:
(66, 'Frist line using for a test!', None)

2017-02-20 19:26:32,181 - SF: - INFO:
(67, 'This is a test !', None)

2017-02-20 19:26:32,181 - SF: - INFO:
(68, '当前学习思路：\n', None)

2017-02-20 19:26:32,182 - SF: - INFO:
(69, '1、拿出时间泡github，进行各种尝试的探索和搜索代码，一年之中，看能吃出点什么。\n', None)

2017-02-20 19:26:32,182 - SF: - INFO:
(70, '\t论坛即生命：远离论坛，你终将死去。\n', None)

2017-02-20 19:26:32,182 - SF: - INFO:
(71, '2、以“项目建设为中心”！根据技能树和当下需要，每段时间选择一个项目实现之。\n', None)

2017-02-20 19:26:32,183 - SF: - INFO:
(72, '\t根据经验：项目可以分为许多小的分目标，逐个学习并实现分目标，最终完整实现整个项目。\n', None)

2017-02-20 19:26:32,183 - SF: - INFO:
(73, '\t\t 突破项目中新知识点即是学习运用新知识的过程。\n', None)

2017-02-20 19:26:32,184 - SF: - INFO:
(74, '\t温故知新：项目间隙，看以前的旧项目，和做旧项目时的相关网页和文档\n', None)

2017-02-20 19:26:32,185 - SF: - INFO:
(75, '\t\t 可以极大巩固所学，学习做到了目标精准，有的放矢，同时刺激新思维。\n', None)

2017-02-20 22:38:31,874 - SF: - INFO:
ttn = 0 

2017-02-20 22:38:31,884 - SF: - INFO:
Building connection to Mysql...

2017-02-20 22:38:31,886 - SF: - INFO:
('originurl',)

2017-02-20 22:38:31,887 - SF: - INFO:
('test',)

2017-02-20 22:38:31,887 - SF: - INFO:
('tips',)

2017-02-20 22:39:17,507 - SF: - INFO:
(66, 'Frist line using for a test!', None)

2017-02-20 22:39:17,507 - SF: - INFO:
(67, 'This is a test !', None)

2017-02-20 22:39:17,508 - SF: - INFO:
(68, '当前学习思路：\n', None)

2017-02-20 22:39:17,508 - SF: - INFO:
(69, '1、拿出时间泡github，进行各种尝试的探索和搜索代码，一年之中，看能吃出点什么。\n', None)

2017-02-20 22:39:17,508 - SF: - INFO:
(70, '\t论坛即生命：远离论坛，你终将死去。\n', None)

2017-02-20 22:39:17,508 - SF: - INFO:
(71, '2、以“项目建设为中心”！根据技能树和当下需要，每段时间选择一个项目实现之。\n', None)

2017-02-20 22:39:17,509 - SF: - INFO:
(72, '\t根据经验：项目可以分为许多小的分目标，逐个学习并实现分目标，最终完整实现整个项目。\n', None)

2017-02-20 22:39:17,509 - SF: - INFO:
(73, '\t\t 突破项目中新知识点即是学习运用新知识的过程。\n', None)

2017-02-20 22:39:17,509 - SF: - INFO:
(74, '\t温故知新：项目间隙，看以前的旧项目，和做旧项目时的相关网页和文档\n', None)

2017-02-20 22:39:17,509 - SF: - INFO:
(75, '\t\t 可以极大巩固所学，学习做到了目标精准，有的放矢，同时刺激新思维。\n', None)

2017-02-20 22:39:27,652 - SF: - INFO:
(76, '3、不同阶段找到相应难度的“教程”，坚持每天学一点。\n', None)

2017-02-20 22:39:27,652 - SF: - INFO:
(77, '\t系统的学习：没有系统学习，你注定是柔弱的。教材阅读可以作为闲暇的穿插。\n', None)

2017-02-20 22:39:27,652 - SF: - INFO:
(78, '4、其实没什么比所学模块和软件的文档更好的资料了，记得一个大神就是通读微软的API和系统文档来着。\n', None)

2017-02-20 22:39:27,653 - SF: - INFO:
(79, '\t熟读文档：没有比这更好的方法，没有比这更好的资料。\n', None)

2017-02-20 22:39:27,653 - SF: - INFO:
(80, '》》》》》》》》》》》》》》》》》》》》》》》》》》》》》》》》》》》》》\n', None)

2017-02-20 22:39:27,653 - SF: - INFO:
(81, "conn = pyodbc.connect( r'driver={SQL Server}; server=localhost; database=easybook; user = saa; password = sa' )\n", None)

2017-02-20 22:39:27,654 - SF: - INFO:
(82, "conn = pyodbc.connect(r'driver={SQL Server};server=localhost;database=easybook;uid=sa;pwd=sa')\n", None)

2017-02-20 22:39:27,654 - SF: - INFO:
(83, '\n', None)

2017-02-20 22:39:27,654 - SF: - INFO:
(84, '>>>>>>>>>>>>>>>>>>>>>>>>>>>>>>>>>>>>>>>>>...\n', None)

2017-02-20 22:39:27,654 - SF: - INFO:
(85, '01-17\n', None)

2017-02-20 22:41:41,300 - SF: - INFO:
Building connection to Mysql...

2017-02-20 22:42:01,196 - SF: - INFO:
(67,)

2017-02-20 22:43:13,229 - SF: - INFO:
(66, 'Frist line using for a test!', None)

2017-02-20 22:43:13,230 - SF: - INFO:
(67, 'This is a test !', None)

2017-02-20 22:43:13,230 - SF: - INFO:
(68, '当前学习思路：\n', None)

2017-02-20 22:43:13,230 - SF: - INFO:
(69, '1、拿出时间泡github，进行各种尝试的探索和搜索代码，一年之中，看能吃出点什么。\n', None)

2017-02-20 22:43:13,231 - SF: - INFO:
(70, '\t论坛即生命：远离论坛，你终将死去。\n', None)

2017-02-20 22:43:13,231 - SF: - INFO:
(71, '2、以“项目建设为中心”！根据技能树和当下需要，每段时间选择一个项目实现之。\n', None)

2017-02-20 22:43:13,231 - SF: - INFO:
(72, '\t根据经验：项目可以分为许多小的分目标，逐个学习并实现分目标，最终完整实现整个项目。\n', None)

2017-02-20 22:43:13,232 - SF: - INFO:
(73, '\t\t 突破项目中新知识点即是学习运用新知识的过程。\n', None)

2017-02-20 22:43:13,232 - SF: - INFO:
(74, '\t温故知新：项目间隙，看以前的旧项目，和做旧项目时的相关网页和文档\n', None)

2017-02-20 22:43:13,232 - SF: - INFO:
(75, '\t\t 可以极大巩固所学，学习做到了目标精准，有的放矢，同时刺激新思维。\n', None)

2017-02-20 22:43:13,233 - SF: - INFO:
(76, '3、不同阶段找到相应难度的“教程”，坚持每天学一点。\n', None)

2017-02-20 22:43:13,233 - SF: - INFO:
(77, '\t系统的学习：没有系统学习，你注定是柔弱的。教材阅读可以作为闲暇的穿插。\n', None)

2017-02-20 22:43:13,233 - SF: - INFO:
(78, '4、其实没什么比所学模块和软件的文档更好的资料了，记得一个大神就是通读微软的API和系统文档来着。\n', None)

2017-02-20 22:43:13,234 - SF: - INFO:
(79, '\t熟读文档：没有比这更好的方法，没有比这更好的资料。\n', None)

2017-02-20 22:43:13,234 - SF: - INFO:
(80, '》》》》》》》》》》》》》》》》》》》》》》》》》》》》》》》》》》》》》\n', None)

2017-02-20 22:43:13,235 - SF: - INFO:
(81, "conn = pyodbc.connect( r'driver={SQL Server}; server=localhost; database=easybook; user = saa; password = sa' )\n", None)

2017-02-20 22:43:13,235 - SF: - INFO:
(82, "conn = pyodbc.connect(r'driver={SQL Server};server=localhost;database=easybook;uid=sa;pwd=sa')\n", None)

2017-02-20 22:43:13,236 - SF: - INFO:
(83, '\n', None)

2017-02-20 22:43:13,236 - SF: - INFO:
(84, '>>>>>>>>>>>>>>>>>>>>>>>>>>>>>>>>>>>>>>>>>...\n', None)

2017-02-20 22:43:13,236 - SF: - INFO:
(85, '01-17\n', None)

2017-02-20 22:43:13,237 - SF: - INFO:
(86, '\t・打通Mysql到Microsql 的数据通路，主要通过python编程实现。\n', None)

2017-02-20 22:43:13,237 - SF: - INFO:
(87, '\t・复习廖雪峰python3的教程，浏览即可。\n', None)

2017-02-20 22:43:13,237 - SF: - INFO:
(88, '\n', None)

2017-02-20 22:43:13,238 - SF: - INFO:
(89, '\tmysql-connector-python\n', None)

2017-02-20 22:43:13,239 - SF: - INFO:
(90, '\tMysql官方提供的连接器网址：http://dev.mysql.com/downloads/connector/python/\n', None)

2017-02-20 22:43:13,239 - SF: - INFO:
(91, '\tpython3不再支持mysqldb 请用pymysql和mysql.connector\n', None)

2017-02-20 22:43:13,239 - SF: - INFO:
(92, '>>>>>>>>>>>>>>>>>>>>>>>>>>>>>>>>>>>>>>>>>>>>>>>>>\n', None)

2017-02-20 22:43:13,240 - SF: - INFO:
(93, '01-18\n', None)

2017-02-20 22:43:13,240 - SF: - INFO:
(94, '\t・文件组\t\t将表存储在指定文件组中/PRIMARY主文件组\n', None)

2017-02-20 22:43:13,240 - SF: - INFO:
(95, '>>>>>>>>>>>>>>>>>>>>>>>>>>>>>>>>>>>>>>>>>>>>>>>>>\n', None)

2017-02-20 22:43:13,241 - SF: - INFO:
(96, '02-01\n', None)

2017-02-20 22:43:13,241 - SF: - INFO:
(97, '\t・自己实现一个像Mysql那样的可以执行单句交互的IDE\n', None)

2017-02-20 22:43:13,241 - SF: - INFO:
(98, '\t・抓紧练习爬虫技巧  从简单的网站开始\n', None)

2017-02-20 22:43:13,242 - SF: - INFO:
(99, '\t・可以“定制python的交互式命令行”，history输出到文件，标准输出，也定向到文件即可\n', None)

2017-02-20 22:43:13,242 - SF: - INFO:
(100, '>>>>>>>>>>>>>>>>>>>>>>>>>>>>>>>>>>>>>>>>>>>>>>>>>\n', None)

2017-02-20 22:43:13,242 - SF: - INFO:
(101, '02-02\n', None)

2017-02-20 22:43:13,243 - SF: - INFO:
(102, '\t・python交互式命令行设想01：\n', None)

2017-02-20 22:43:13,243 - SF: - INFO:
(103, "\t\t\t其实就是重定向终端的输出就好了，that's simple！\n", None)

2017-02-20 22:43:13,243 - SF: - INFO:
(104, '\t\t\t加壳：开一个python,调用一个终端子进程，重定向其输入和输出\n', None)

2017-02-20 22:43:13,244 - SF: - INFO:
(105, '\t\t\t不加壳：直接shell开python交互，同时直接重定向shell的输入和输出\n', None)

2017-02-20 22:43:13,244 - SF: - INFO:
(106, '>>>>>>>>>>>>>>>>>>>>>>>>>>>>>>>>>>>>>>>>>>>>>>>>>\n', None)

2017-02-20 22:43:13,244 - SF: - INFO:
(107, '02-04\n', None)

2017-02-20 22:43:13,244 - SF: - INFO:
(108, '\t・补充管道和重定向的知识\n', None)

2017-02-20 22:43:13,245 - SF: - INFO:
(109, '\t\t如何向stdin.PIPE写入数据\n', None)

2017-02-20 22:43:13,245 - SF: - INFO:
(110, '\t\t试试把stdout指向文件\n', None)

2017-02-20 22:43:13,245 - SF: - INFO:
(111, '\t・如果subprocess 用 python -i 的交互模式，stdout默认输出到shell交互界面，\n', None)

2017-02-20 22:43:13,246 - SF: - INFO:
(112, '\t\t即使指向文件，也无效\n', None)

2017-02-20 22:43:13,246 - SF: - INFO:
(113, '\t・subprocess，communicate 和 stdin的用途和区别，搞清楚就可以了\n', None)

2017-02-20 22:43:13,246 - SF: - INFO:
(114, '>>>>>>>>>>>>>>>>>>>>>>>>>>>>>>>>>>>>>>>>>>>>>>>>>\n', None)

2017-02-20 22:43:13,246 - SF: - INFO:
(115, '02-05\n', None)

2017-02-20 22:43:13,247 - SF: - INFO:
(116, '\t・列表生成式，for for ，for if\n', None)

2017-02-20 22:43:13,247 - SF: - INFO:
(117, '>>>>>>>>>>>>>>>>>>>>>>>>>>>>>>>>>>>>>>>>>>>>>>>>>\n', None)

2017-02-20 22:43:13,247 - SF: - INFO:
(118, '02-14\n', None)

2017-02-20 22:43:13,248 - SF: - INFO:
(119, '\t・module and package ，relative import, explicit and absolute import\n', None)

2017-02-20 22:43:13,248 - SF: - INFO:
(120, '>>>>>>>>>>>>>>>>>>>>>>>>>>>>>>>>>>>>>>>>>>>>>>>>>\n', None)

2017-02-20 22:43:13,249 - SF: - INFO:
(121, '02-19\n', None)

2017-02-20 22:43:13,249 - SF: - INFO:
(122, '\t・自己建立一个代码库，将写过的代码存储到数据库中\n', None)

2017-02-20 22:43:13,249 - SF: - INFO:
(123, '\t列：    文件名-路径列（区分不同的文件），\n', None)

2017-02-20 22:43:13,250 - SF: - INFO:
(124, '\t\t文件hash值（区分同一文件不同版本）， \n', None)

2017-02-20 22:43:13,250 - SF: - INFO:
(125, '\t\t文件内容列（把每个文件拆分，按行存储，高级：设定一定数目的旧行保存值，暂时存储近期删除的行），\n', None)

2017-02-20 22:43:13,250 - SF: - INFO:
(126, '\t\t更新时间列（预留，或许版本控制和回滚）\n', None)

2017-02-20 22:43:13,250 - SF: - INFO:
(127, '\t数据库定时扫描指定文件夹，将指定文件更新到数据库内\n', None)

2017-02-20 22:43:13,251 - SF: - INFO:
(128, '\t建立一个查询接口，方便随时查询写过的代码，高级：自动匹配\n', None)

2017-02-20 22:43:13,251 - SF: - INFO:
(129, '\t查询结果应当返回关键词出现的列，以及前后的上下文，用设定的按键可以在多个结果间翻看\n', None)

2017-02-20 22:43:13,251 - SF: - INFO:
(130, '\t・自己建立一个全文索引的书签库。\n', None)

2017-02-20 22:43:13,252 - SF: - INFO:
(131, '\t\t\t\n', None)

2017-02-20 22:43:13,252 - SF: - INFO:
(132, 'This is a test !', None)

2017-02-20 22:50:10,808 - SF: - INFO:
(86, '\t・打通Mysql到Microsql 的数据通路，主要通过python编程实现。\n', None)

2017-02-20 22:50:10,808 - SF: - INFO:
(87, '\t・复习廖雪峰python3的教程，浏览即可。\n', None)

2017-02-20 22:50:10,808 - SF: - INFO:
(94, '\t・文件组\t\t将表存储在指定文件组中/PRIMARY主文件组\n', None)

2017-02-20 22:50:10,808 - SF: - INFO:
(97, '\t・自己实现一个像Mysql那样的可以执行单句交互的IDE\n', None)

2017-02-20 22:50:10,809 - SF: - INFO:
(98, '\t・抓紧练习爬虫技巧  从简单的网站开始\n', None)

2017-02-20 22:50:10,809 - SF: - INFO:
(99, '\t・可以“定制python的交互式命令行”，history输出到文件，标准输出，也定向到文件即可\n', None)

2017-02-20 22:50:10,809 - SF: - INFO:
(102, '\t・python交互式命令行设想01：\n', None)

2017-02-20 22:50:10,809 - SF: - INFO:
(108, '\t・补充管道和重定向的知识\n', None)

2017-02-20 22:50:10,810 - SF: - INFO:
(111, '\t・如果subprocess 用 python -i 的交互模式，stdout默认输出到shell交互界面，\n', None)

2017-02-20 22:50:10,810 - SF: - INFO:
(113, '\t・subprocess，communicate 和 stdin的用途和区别，搞清楚就可以了\n', None)

2017-02-20 22:50:10,810 - SF: - INFO:
(116, '\t・列表生成式，for for ，for if\n', None)

2017-02-20 22:50:10,810 - SF: - INFO:
(119, '\t・module and package ，relative import, explicit and absolute import\n', None)

2017-02-20 22:50:10,810 - SF: - INFO:
(122, '\t・自己建立一个代码库，将写过的代码存储到数据库中\n', None)

2017-02-20 22:50:10,811 - SF: - INFO:
(130, '\t・自己建立一个全文索引的书签库。\n', None)

2017-02-20 22:52:06,017 - SF: - INFO:
(70, '\t论坛即生命：远离论坛，你终将死去。\n', None)

2017-02-20 22:52:06,018 - SF: - INFO:
(72, '\t根据经验：项目可以分为许多小的分目标，逐个学习并实现分目标，最终完整实现整个项目。\n', None)

2017-02-20 22:52:06,018 - SF: - INFO:
(73, '\t\t 突破项目中新知识点即是学习运用新知识的过程。\n', None)

2017-02-20 22:52:06,018 - SF: - INFO:
(74, '\t温故知新：项目间隙，看以前的旧项目，和做旧项目时的相关网页和文档\n', None)

2017-02-20 22:52:06,018 - SF: - INFO:
(75, '\t\t 可以极大巩固所学，学习做到了目标精准，有的放矢，同时刺激新思维。\n', None)

2017-02-20 22:52:06,019 - SF: - INFO:
(77, '\t系统的学习：没有系统学习，你注定是柔弱的。教材阅读可以作为闲暇的穿插。\n', None)

2017-02-20 22:52:06,019 - SF: - INFO:
(79, '\t熟读文档：没有比这更好的方法，没有比这更好的资料。\n', None)

2017-02-20 22:52:06,019 - SF: - INFO:
(86, '\t・打通Mysql到Microsql 的数据通路，主要通过python编程实现。\n', None)

2017-02-20 22:52:06,019 - SF: - INFO:
(87, '\t・复习廖雪峰python3的教程，浏览即可。\n', None)

2017-02-20 22:52:06,019 - SF: - INFO:
(89, '\tmysql-connector-python\n', None)

2017-02-20 22:52:06,019 - SF: - INFO:
(90, '\tMysql官方提供的连接器网址：http://dev.mysql.com/downloads/connector/python/\n', None)

2017-02-20 22:52:06,020 - SF: - INFO:
(91, '\tpython3不再支持mysqldb 请用pymysql和mysql.connector\n', None)

2017-02-20 22:52:06,020 - SF: - INFO:
(94, '\t・文件组\t\t将表存储在指定文件组中/PRIMARY主文件组\n', None)

2017-02-20 22:52:06,020 - SF: - INFO:
(97, '\t・自己实现一个像Mysql那样的可以执行单句交互的IDE\n', None)

2017-02-20 22:52:06,020 - SF: - INFO:
(98, '\t・抓紧练习爬虫技巧  从简单的网站开始\n', None)

2017-02-20 22:52:06,021 - SF: - INFO:
(99, '\t・可以“定制python的交互式命令行”，history输出到文件，标准输出，也定向到文件即可\n', None)

2017-02-20 22:52:06,021 - SF: - INFO:
(102, '\t・python交互式命令行设想01：\n', None)

2017-02-20 22:52:06,021 - SF: - INFO:
(103, "\t\t\t其实就是重定向终端的输出就好了，that's simple！\n", None)

2017-02-20 22:52:06,021 - SF: - INFO:
(104, '\t\t\t加壳：开一个python,调用一个终端子进程，重定向其输入和输出\n', None)

2017-02-20 22:52:06,022 - SF: - INFO:
(105, '\t\t\t不加壳：直接shell开python交互，同时直接重定向shell的输入和输出\n', None)

2017-02-20 22:52:06,022 - SF: - INFO:
(108, '\t・补充管道和重定向的知识\n', None)

2017-02-20 22:52:06,022 - SF: - INFO:
(109, '\t\t如何向stdin.PIPE写入数据\n', None)

2017-02-20 22:52:06,022 - SF: - INFO:
(110, '\t\t试试把stdout指向文件\n', None)

2017-02-20 22:52:06,022 - SF: - INFO:
(111, '\t・如果subprocess 用 python -i 的交互模式，stdout默认输出到shell交互界面，\n', None)

2017-02-20 22:52:06,022 - SF: - INFO:
(112, '\t\t即使指向文件，也无效\n', None)

2017-02-20 22:52:06,023 - SF: - INFO:
(113, '\t・subprocess，communicate 和 stdin的用途和区别，搞清楚就可以了\n', None)

2017-02-20 22:52:06,023 - SF: - INFO:
(116, '\t・列表生成式，for for ，for if\n', None)

2017-02-20 22:52:06,023 - SF: - INFO:
(119, '\t・module and package ，relative import, explicit and absolute import\n', None)

2017-02-20 22:52:06,023 - SF: - INFO:
(122, '\t・自己建立一个代码库，将写过的代码存储到数据库中\n', None)

2017-02-20 22:52:06,023 - SF: - INFO:
(123, '\t列：    文件名-路径列（区分不同的文件），\n', None)

2017-02-20 22:52:06,024 - SF: - INFO:
(124, '\t\t文件hash值（区分同一文件不同版本）， \n', None)

2017-02-20 22:52:06,024 - SF: - INFO:
(125, '\t\t文件内容列（把每个文件拆分，按行存储，高级：设定一定数目的旧行保存值，暂时存储近期删除的行），\n', None)

2017-02-20 22:52:06,024 - SF: - INFO:
(126, '\t\t更新时间列（预留，或许版本控制和回滚）\n', None)

2017-02-20 22:52:06,024 - SF: - INFO:
(127, '\t数据库定时扫描指定文件夹，将指定文件更新到数据库内\n', None)

2017-02-20 22:52:06,024 - SF: - INFO:
(128, '\t建立一个查询接口，方便随时查询写过的代码，高级：自动匹配\n', None)

2017-02-20 22:52:06,025 - SF: - INFO:
(129, '\t查询结果应当返回关键词出现的列，以及前后的上下文，用设定的按键可以在多个结果间翻看\n', None)

2017-02-20 22:52:06,025 - SF: - INFO:
(130, '\t・自己建立一个全文索引的书签库。\n', None)

2017-02-20 22:52:06,025 - SF: - INFO:
(131, '\t\t\t\n', None)

2017-02-20 22:52:32,255 - SF: - INFO:
(73, '\t\t 突破项目中新知识点即是学习运用新知识的过程。\n', None)

2017-02-20 22:52:32,256 - SF: - INFO:
(75, '\t\t 可以极大巩固所学，学习做到了目标精准，有的放矢，同时刺激新思维。\n', None)

2017-02-20 22:52:32,256 - SF: - INFO:
(94, '\t・文件组\t\t将表存储在指定文件组中/PRIMARY主文件组\n', None)

2017-02-20 22:52:32,256 - SF: - INFO:
(103, "\t\t\t其实就是重定向终端的输出就好了，that's simple！\n", None)

2017-02-20 22:52:32,257 - SF: - INFO:
(104, '\t\t\t加壳：开一个python,调用一个终端子进程，重定向其输入和输出\n', None)

2017-02-20 22:52:32,257 - SF: - INFO:
(105, '\t\t\t不加壳：直接shell开python交互，同时直接重定向shell的输入和输出\n', None)

2017-02-20 22:52:32,258 - SF: - INFO:
(109, '\t\t如何向stdin.PIPE写入数据\n', None)

2017-02-20 22:52:32,258 - SF: - INFO:
(110, '\t\t试试把stdout指向文件\n', None)

2017-02-20 22:52:32,258 - SF: - INFO:
(112, '\t\t即使指向文件，也无效\n', None)

2017-02-20 22:52:32,259 - SF: - INFO:
(124, '\t\t文件hash值（区分同一文件不同版本）， \n', None)

2017-02-20 22:52:32,259 - SF: - INFO:
(125, '\t\t文件内容列（把每个文件拆分，按行存储，高级：设定一定数目的旧行保存值，暂时存储近期删除的行），\n', None)

2017-02-20 22:52:32,260 - SF: - INFO:
(126, '\t\t更新时间列（预留，或许版本控制和回滚）\n', None)

2017-02-20 22:52:32,260 - SF: - INFO:
(131, '\t\t\t\n', None)

2017-02-20 22:53:56,336 - SF: - INFO:
(73, '\t\t 突破项目中新知识点即是学习运用新知识的过程。\n', None)

2017-02-20 22:53:56,336 - SF: - INFO:
(75, '\t\t 可以极大巩固所学，学习做到了目标精准，有的放矢，同时刺激新思维。\n', None)

2017-02-20 22:53:56,336 - SF: - INFO:
(94, '\t・文件组\t\t将表存储在指定文件组中/PRIMARY主文件组\n', None)

2017-02-20 22:53:56,336 - SF: - INFO:
(103, "\t\t\t其实就是重定向终端的输出就好了，that's simple！\n", None)

2017-02-20 22:53:56,337 - SF: - INFO:
(104, '\t\t\t加壳：开一个python,调用一个终端子进程，重定向其输入和输出\n', None)

2017-02-20 22:53:56,337 - SF: - INFO:
(105, '\t\t\t不加壳：直接shell开python交互，同时直接重定向shell的输入和输出\n', None)

2017-02-20 22:53:56,337 - SF: - INFO:
(109, '\t\t如何向stdin.PIPE写入数据\n', None)

2017-02-20 22:53:56,337 - SF: - INFO:
(110, '\t\t试试把stdout指向文件\n', None)

2017-02-20 22:53:56,338 - SF: - INFO:
(112, '\t\t即使指向文件，也无效\n', None)

2017-02-20 22:53:56,338 - SF: - INFO:
(124, '\t\t文件hash值（区分同一文件不同版本）， \n', None)

2017-02-20 22:53:56,338 - SF: - INFO:
(125, '\t\t文件内容列（把每个文件拆分，按行存储，高级：设定一定数目的旧行保存值，暂时存储近期删除的行），\n', None)

2017-02-20 22:53:56,338 - SF: - INFO:
(126, '\t\t更新时间列（预留，或许版本控制和回滚）\n', None)

2017-02-20 22:53:56,339 - SF: - INFO:
(131, '\t\t\t\n', None)

2017-02-20 23:15:14,126 - SF: - INFO:
(73, '\t\t 突破项目中新知识点即是学习运用新知识的过程。\n', None)

2017-02-20 23:15:14,127 - SF: - INFO:
(75, '\t\t 可以极大巩固所学，学习做到了目标精准，有的放矢，同时刺激新思维。\n', None)

2017-02-20 23:15:14,127 - SF: - INFO:
(94, '\t・文件组\t\t将表存储在指定文件组中/PRIMARY主文件组\n', None)

2017-02-20 23:15:14,127 - SF: - INFO:
(103, "\t\t\t其实就是重定向终端的输出就好了，that's simple！\n", None)

2017-02-20 23:15:14,127 - SF: - INFO:
(104, '\t\t\t加壳：开一个python,调用一个终端子进程，重定向其输入和输出\n', None)

2017-02-20 23:15:14,127 - SF: - INFO:
(105, '\t\t\t不加壳：直接shell开python交互，同时直接重定向shell的输入和输出\n', None)

2017-02-20 23:15:14,128 - SF: - INFO:
(109, '\t\t如何向stdin.PIPE写入数据\n', None)

2017-02-20 23:15:14,128 - SF: - INFO:
(110, '\t\t试试把stdout指向文件\n', None)

2017-02-20 23:15:14,129 - SF: - INFO:
(112, '\t\t即使指向文件，也无效\n', None)

2017-02-20 23:15:14,129 - SF: - INFO:
(124, '\t\t文件hash值（区分同一文件不同版本）， \n', None)

2017-02-20 23:15:14,129 - SF: - INFO:
(125, '\t\t文件内容列（把每个文件拆分，按行存储，高级：设定一定数目的旧行保存值，暂时存储近期删除的行），\n', None)

2017-02-20 23:15:14,129 - SF: - INFO:
(126, '\t\t更新时间列（预留，或许版本控制和回滚）\n', None)

2017-02-20 23:15:14,130 - SF: - INFO:
(131, '\t\t\t\n', None)

2017-02-20 23:15:29,871 - SF: - INFO:
(73, '\t\t 突破项目中新知识点即是学习运用新知识的过程。\n', None)

2017-02-20 23:15:29,872 - SF: - INFO:
(75, '\t\t 可以极大巩固所学，学习做到了目标精准，有的放矢，同时刺激新思维。\n', None)

2017-02-20 23:15:29,872 - SF: - INFO:
(94, '\t・文件组\t\t将表存储在指定文件组中/PRIMARY主文件组\n', None)

2017-02-20 23:15:29,872 - SF: - INFO:
(103, "\t\t\t其实就是重定向终端的输出就好了，that's simple！\n", None)

2017-02-20 23:15:29,872 - SF: - INFO:
(104, '\t\t\t加壳：开一个python,调用一个终端子进程，重定向其输入和输出\n', None)

2017-02-20 23:15:29,872 - SF: - INFO:
(105, '\t\t\t不加壳：直接shell开python交互，同时直接重定向shell的输入和输出\n', None)

2017-02-20 23:15:29,873 - SF: - INFO:
(109, '\t\t如何向stdin.PIPE写入数据\n', None)

2017-02-20 23:15:29,873 - SF: - INFO:
(110, '\t\t试试把stdout指向文件\n', None)

2017-02-20 23:15:29,873 - SF: - INFO:
(112, '\t\t即使指向文件，也无效\n', None)

2017-02-20 23:15:29,873 - SF: - INFO:
(124, '\t\t文件hash值（区分同一文件不同版本）， \n', None)

2017-02-20 23:15:29,873 - SF: - INFO:
(125, '\t\t文件内容列（把每个文件拆分，按行存储，高级：设定一定数目的旧行保存值，暂时存储近期删除的行），\n', None)

2017-02-20 23:15:29,874 - SF: - INFO:
(126, '\t\t更新时间列（预留，或许版本控制和回滚）\n', None)

2017-02-20 23:15:29,874 - SF: - INFO:
(131, '\t\t\t\n', None)

2017-02-20 23:15:39,991 - SF: - INFO:
(73, '\t\t 突破项目中新知识点即是学习运用新知识的过程。\n', None)

2017-02-20 23:15:39,991 - SF: - INFO:
(75, '\t\t 可以极大巩固所学，学习做到了目标精准，有的放矢，同时刺激新思维。\n', None)

2017-02-20 23:15:39,992 - SF: - INFO:
(94, '\t・文件组\t\t将表存储在指定文件组中/PRIMARY主文件组\n', None)

2017-02-20 23:15:39,992 - SF: - INFO:
(103, "\t\t\t其实就是重定向终端的输出就好了，that's simple！\n", None)

2017-02-20 23:15:39,992 - SF: - INFO:
(104, '\t\t\t加壳：开一个python,调用一个终端子进程，重定向其输入和输出\n', None)

2017-02-20 23:15:39,993 - SF: - INFO:
(105, '\t\t\t不加壳：直接shell开python交互，同时直接重定向shell的输入和输出\n', None)

2017-02-20 23:15:39,993 - SF: - INFO:
(109, '\t\t如何向stdin.PIPE写入数据\n', None)

2017-02-20 23:15:39,993 - SF: - INFO:
(110, '\t\t试试把stdout指向文件\n', None)

2017-02-20 23:15:39,994 - SF: - INFO:
(112, '\t\t即使指向文件，也无效\n', None)

2017-02-20 23:15:39,995 - SF: - INFO:
(124, '\t\t文件hash值（区分同一文件不同版本）， \n', None)

2017-02-20 23:15:39,995 - SF: - INFO:
(125, '\t\t文件内容列（把每个文件拆分，按行存储，高级：设定一定数目的旧行保存值，暂时存储近期删除的行），\n', None)

2017-02-20 23:15:39,995 - SF: - INFO:
(126, '\t\t更新时间列（预留，或许版本控制和回滚）\n', None)

2017-02-20 23:15:39,996 - SF: - INFO:
(131, '\t\t\t\n', None)

2017-02-20 23:17:08,131 - SF: - INFO:
(73, '\t\t 突破项目中新知识点即是学习运用新知识的过程。\n', None)

2017-02-20 23:17:08,131 - SF: - INFO:
(75, '\t\t 可以极大巩固所学，学习做到了目标精准，有的放矢，同时刺激新思维。\n', None)

2017-02-20 23:17:08,132 - SF: - INFO:
(94, '\t・文件组\t\t将表存储在指定文件组中/PRIMARY主文件组\n', None)

2017-02-20 23:17:08,132 - SF: - INFO:
(103, "\t\t\t其实就是重定向终端的输出就好了，that's simple！\n", None)

2017-02-20 23:17:08,132 - SF: - INFO:
(104, '\t\t\t加壳：开一个python,调用一个终端子进程，重定向其输入和输出\n', None)

2017-02-20 23:17:08,132 - SF: - INFO:
(105, '\t\t\t不加壳：直接shell开python交互，同时直接重定向shell的输入和输出\n', None)

2017-02-20 23:17:08,133 - SF: - INFO:
(109, '\t\t如何向stdin.PIPE写入数据\n', None)

2017-02-20 23:17:08,133 - SF: - INFO:
(110, '\t\t试试把stdout指向文件\n', None)

2017-02-20 23:17:08,133 - SF: - INFO:
(112, '\t\t即使指向文件，也无效\n', None)

2017-02-20 23:17:08,133 - SF: - INFO:
(124, '\t\t文件hash值（区分同一文件不同版本）， \n', None)

2017-02-20 23:17:08,134 - SF: - INFO:
(125, '\t\t文件内容列（把每个文件拆分，按行存储，高级：设定一定数目的旧行保存值，暂时存储近期删除的行），\n', None)

2017-02-20 23:17:08,134 - SF: - INFO:
(126, '\t\t更新时间列（预留，或许版本控制和回滚）\n', None)

2017-02-20 23:17:08,134 - SF: - INFO:
(131, '\t\t\t\n', None)

2017-02-20 23:17:37,422 - SF: - INFO:
(73, '\t\t 突破项目中新知识点即是学习运用新知识的过程。\n', None)

2017-02-20 23:17:37,422 - SF: - INFO:
(75, '\t\t 可以极大巩固所学，学习做到了目标精准，有的放矢，同时刺激新思维。\n', None)

2017-02-20 23:17:37,422 - SF: - INFO:
(94, '\t・文件组\t\t将表存储在指定文件组中/PRIMARY主文件组\n', None)

2017-02-20 23:17:37,423 - SF: - INFO:
(103, "\t\t\t其实就是重定向终端的输出就好了，that's simple！\n", None)

2017-02-20 23:17:37,423 - SF: - INFO:
(104, '\t\t\t加壳：开一个python,调用一个终端子进程，重定向其输入和输出\n', None)

2017-02-20 23:17:37,423 - SF: - INFO:
(105, '\t\t\t不加壳：直接shell开python交互，同时直接重定向shell的输入和输出\n', None)

2017-02-20 23:17:37,423 - SF: - INFO:
(109, '\t\t如何向stdin.PIPE写入数据\n', None)

2017-02-20 23:17:37,424 - SF: - INFO:
(110, '\t\t试试把stdout指向文件\n', None)

2017-02-20 23:17:37,424 - SF: - INFO:
(112, '\t\t即使指向文件，也无效\n', None)

2017-02-20 23:17:37,424 - SF: - INFO:
(124, '\t\t文件hash值（区分同一文件不同版本）， \n', None)

2017-02-20 23:17:37,424 - SF: - INFO:
(125, '\t\t文件内容列（把每个文件拆分，按行存储，高级：设定一定数目的旧行保存值，暂时存储近期删除的行），\n', None)

2017-02-20 23:17:37,425 - SF: - INFO:
(126, '\t\t更新时间列（预留，或许版本控制和回滚）\n', None)

2017-02-20 23:17:37,425 - SF: - INFO:
(131, '\t\t\t\n', None)

2017-02-20 23:18:07,904 - SF: - INFO:
(90, '\tMysql官方提供的连接器网址：http://dev.mysql.com/downloads/connector/python/\n', None)

2017-02-20 23:18:41,138 - SF: - INFO:
(73, '\t\t 突破项目中新知识点即是学习运用新知识的过程。\n', None)

2017-02-20 23:18:41,139 - SF: - INFO:
(75, '\t\t 可以极大巩固所学，学习做到了目标精准，有的放矢，同时刺激新思维。\n', None)

2017-02-20 23:18:41,139 - SF: - INFO:
(94, '\t・文件组\t\t将表存储在指定文件组中/PRIMARY主文件组\n', None)

2017-02-20 23:18:41,139 - SF: - INFO:
(103, "\t\t\t其实就是重定向终端的输出就好了，that's simple！\n", None)

2017-02-20 23:18:41,139 - SF: - INFO:
(104, '\t\t\t加壳：开一个python,调用一个终端子进程，重定向其输入和输出\n', None)

2017-02-20 23:18:41,140 - SF: - INFO:
(105, '\t\t\t不加壳：直接shell开python交互，同时直接重定向shell的输入和输出\n', None)

2017-02-20 23:18:41,140 - SF: - INFO:
(109, '\t\t如何向stdin.PIPE写入数据\n', None)

2017-02-20 23:18:41,140 - SF: - INFO:
(110, '\t\t试试把stdout指向文件\n', None)

2017-02-20 23:18:41,140 - SF: - INFO:
(112, '\t\t即使指向文件，也无效\n', None)

2017-02-20 23:18:41,141 - SF: - INFO:
(124, '\t\t文件hash值（区分同一文件不同版本）， \n', None)

2017-02-20 23:18:41,141 - SF: - INFO:
(125, '\t\t文件内容列（把每个文件拆分，按行存储，高级：设定一定数目的旧行保存值，暂时存储近期删除的行），\n', None)

2017-02-20 23:18:41,141 - SF: - INFO:
(126, '\t\t更新时间列（预留，或许版本控制和回滚）\n', None)

2017-02-20 23:18:41,142 - SF: - INFO:
(131, '\t\t\t\n', None)

2017-02-20 23:18:44,847 - SF: - INFO:
(73, '\t\t 突破项目中新知识点即是学习运用新知识的过程。\n', None)

2017-02-20 23:18:44,847 - SF: - INFO:
(75, '\t\t 可以极大巩固所学，学习做到了目标精准，有的放矢，同时刺激新思维。\n', None)

2017-02-20 23:18:44,847 - SF: - INFO:
(94, '\t・文件组\t\t将表存储在指定文件组中/PRIMARY主文件组\n', None)

2017-02-20 23:18:44,847 - SF: - INFO:
(103, "\t\t\t其实就是重定向终端的输出就好了，that's simple！\n", None)

2017-02-20 23:18:44,848 - SF: - INFO:
(104, '\t\t\t加壳：开一个python,调用一个终端子进程，重定向其输入和输出\n', None)

2017-02-20 23:18:44,848 - SF: - INFO:
(105, '\t\t\t不加壳：直接shell开python交互，同时直接重定向shell的输入和输出\n', None)

2017-02-20 23:18:44,848 - SF: - INFO:
(109, '\t\t如何向stdin.PIPE写入数据\n', None)

2017-02-20 23:18:44,848 - SF: - INFO:
(110, '\t\t试试把stdout指向文件\n', None)

2017-02-20 23:18:44,849 - SF: - INFO:
(112, '\t\t即使指向文件，也无效\n', None)

2017-02-20 23:18:44,849 - SF: - INFO:
(124, '\t\t文件hash值（区分同一文件不同版本）， \n', None)

2017-02-20 23:18:44,849 - SF: - INFO:
(125, '\t\t文件内容列（把每个文件拆分，按行存储，高级：设定一定数目的旧行保存值，暂时存储近期删除的行），\n', None)

2017-02-20 23:18:44,849 - SF: - INFO:
(126, '\t\t更新时间列（预留，或许版本控制和回滚）\n', None)

2017-02-20 23:18:44,850 - SF: - INFO:
(131, '\t\t\t\n', None)

2017-02-20 23:19:01,901 - SF: - INFO:
(73, '\t\t 突破项目中新知识点即是学习运用新知识的过程。\n', None)

2017-02-20 23:19:01,901 - SF: - INFO:
(75, '\t\t 可以极大巩固所学，学习做到了目标精准，有的放矢，同时刺激新思维。\n', None)

2017-02-20 23:19:01,902 - SF: - INFO:
(94, '\t・文件组\t\t将表存储在指定文件组中/PRIMARY主文件组\n', None)

2017-02-20 23:19:01,902 - SF: - INFO:
(103, "\t\t\t其实就是重定向终端的输出就好了，that's simple！\n", None)

2017-02-20 23:19:01,902 - SF: - INFO:
(104, '\t\t\t加壳：开一个python,调用一个终端子进程，重定向其输入和输出\n', None)

2017-02-20 23:19:01,902 - SF: - INFO:
(105, '\t\t\t不加壳：直接shell开python交互，同时直接重定向shell的输入和输出\n', None)

2017-02-20 23:19:01,902 - SF: - INFO:
(109, '\t\t如何向stdin.PIPE写入数据\n', None)

2017-02-20 23:19:01,903 - SF: - INFO:
(110, '\t\t试试把stdout指向文件\n', None)

2017-02-20 23:19:01,903 - SF: - INFO:
(112, '\t\t即使指向文件，也无效\n', None)

2017-02-20 23:19:01,903 - SF: - INFO:
(124, '\t\t文件hash值（区分同一文件不同版本）， \n', None)

2017-02-20 23:19:01,903 - SF: - INFO:
(125, '\t\t文件内容列（把每个文件拆分，按行存储，高级：设定一定数目的旧行保存值，暂时存储近期删除的行），\n', None)

2017-02-20 23:19:01,903 - SF: - INFO:
(126, '\t\t更新时间列（预留，或许版本控制和回滚）\n', None)

2017-02-20 23:19:01,904 - SF: - INFO:
(131, '\t\t\t\n', None)

2017-02-20 23:27:00,512 - SF: - INFO:
(13,)

2017-02-21 15:30:20,904 - SF: - INFO:
ttn = 0 

2017-02-21 15:30:44,054 - SF: - INFO:
Building connection to Mysql...

2017-02-21 23:41:08,547 - SF: - INFO:
ttn = 0 

2017-02-21 23:41:08,558 - SF: - INFO:
Building connection to Mysql...

2017-02-22 00:01:54,019 - SF: - INFO:
Building connection to Mysql...

2017-02-22 00:08:26,952 - SF: - INFO:
(21, '\\t', 'p4.t', None)

2017-02-22 00:08:26,952 - SF: - INFO:
(22, '\\t', 's2.t', None)

2017-02-22 00:08:26,953 - SF: - INFO:
(23, '\t', 'p2.t', None)

2017-02-22 00:08:26,953 - SF: - INFO:
(26, '\t', 'p1.t', None)

2017-02-22 00:16:18,773 - SF: - INFO:
(18, '\\\t', '2.t', None)

2017-02-22 00:16:18,773 - SF: - INFO:
(19, '\t', 'p3.t', None)

2017-02-22 00:16:18,773 - SF: - INFO:
(20, '\\\t', 's3.t', None)

2017-02-22 00:16:18,774 - SF: - INFO:
(21, '\\t', 'p4.t', None)

2017-02-22 00:16:18,774 - SF: - INFO:
(22, '\\t', 's2.t', None)

2017-02-22 00:16:18,774 - SF: - INFO:
(23, '\t', 'p2.t', None)

2017-02-22 00:16:18,774 - SF: - INFO:
(26, '\t', 'p1.t', None)

2017-02-22 00:28:02,274 - SF: - INFO:
(18, '\\\t', '2.t', None)

2017-02-22 00:28:02,275 - SF: - INFO:
(19, '\t', 'p3.t', None)

2017-02-22 00:28:02,275 - SF: - INFO:
(20, '\\\t', 's3.t', None)

2017-02-22 00:28:02,275 - SF: - INFO:
(21, '\\t', 'p4.t', None)

2017-02-22 00:28:02,275 - SF: - INFO:
(22, '\\t', 's2.t', None)

2017-02-22 00:28:02,276 - SF: - INFO:
(23, '\t', 'p2.t', None)

2017-02-22 00:28:02,276 - SF: - INFO:
(26, '\t', 'p1.t', None)

2017-02-22 00:28:39,069 - SF: - INFO:
(18, '\\\t', '2.t', None)

2017-02-22 00:28:39,070 - SF: - INFO:
(19, '\t', 'p3.t', None)

2017-02-22 00:28:39,070 - SF: - INFO:
(20, '\\\t', 's3.t', None)

2017-02-22 00:28:39,070 - SF: - INFO:
(21, '\\t', 'p4.t', None)

2017-02-22 00:28:39,070 - SF: - INFO:
(22, '\\t', 's2.t', None)

2017-02-22 00:28:39,070 - SF: - INFO:
(23, '\t', 'p2.t', None)

2017-02-22 00:28:39,071 - SF: - INFO:
(26, '\t', 'p1.t', None)

2017-02-22 00:29:14,534 - SF: - INFO:
Building connection to Mysql...

2017-02-22 00:29:21,230 - SF: - INFO:
(18, '\\\t', '2.t', None)

2017-02-22 00:29:21,230 - SF: - INFO:
(19, '\t', 'p3.t', None)

2017-02-22 00:29:21,230 - SF: - INFO:
(20, '\\\t', 's3.t', None)

2017-02-22 00:29:21,230 - SF: - INFO:
(21, '\\t', 'p4.t', None)

2017-02-22 00:29:21,231 - SF: - INFO:
(22, '\\t', 's2.t', None)

2017-02-22 00:29:21,231 - SF: - INFO:
(23, '\t', 'p2.t', None)

2017-02-22 00:29:21,231 - SF: - INFO:
(26, '\t', 'p1.t', None)

2017-02-22 00:29:21,232 - SF: - INFO:
(27, '\\', 's2.0', None)

2017-02-22 00:36:46,041 - SF: - INFO:
Building connection to Mysql...

2017-02-22 00:37:00,941 - SF: - INFO:
(21, '\\t', 'p4.t', None)

2017-02-22 00:37:00,941 - SF: - INFO:
(22, '\\t', 's2.t', None)

2017-02-22 00:37:00,941 - SF: - INFO:
(23, '\t', 'p2.t', None)

2017-02-22 00:37:00,941 - SF: - INFO:
(26, '\t', 'p1.t', None)

2017-02-22 00:37:00,942 - SF: - INFO:
(27, '\\', 's2.0', None)

2017-02-22 00:37:00,942 - SF: - INFO:
(28, '\t', 's1.t', None)

2017-02-22 00:46:03,503 - SF: - INFO:
(26, '\t', 'p1.t', None)

2017-02-22 00:46:03,504 - SF: - INFO:
(27, '\\', 's2.0', None)

2017-02-22 00:46:03,504 - SF: - INFO:
(28, '\t', 's1.t', None)

2017-02-22 00:46:03,504 - SF: - INFO:
(29, '\\M', 'p3.M', None)

2017-02-23 05:51:09,608 - SF: - INFO:
ttn = 0 

2017-02-23 05:51:24,743 - SF: - INFO:
Building connection to Mysql...

2017-02-23 06:28:54,646 - SF: - INFO:
(31, 'Must', '2.Must', None)

2017-02-23 06:28:54,646 - SF: - INFO:
(30, '\text', '2.text', None)

2017-02-23 06:28:54,647 - SF: - INFO:
(26, '\t', 'p1.t', None)

2017-02-23 06:28:54,647 - SF: - INFO:
(29, '\\M', 'p3.M', None)

2017-02-23 06:28:54,647 - SF: - INFO:
(28, '\t', 's1.t', None)

2017-02-23 06:28:54,647 - SF: - INFO:
(27, '\\', 's2.0', None)

2017-02-23 06:38:22,163 - SF: - INFO:
ttn = 0 

2017-02-23 06:38:22,223 - SF: - INFO:
Building connection to Mysql...

2017-02-23 06:38:22,253 - SF: - INFO:
(31, 'Must', '2.Must', None)

2017-02-23 06:38:22,253 - SF: - INFO:
(30, '\text', '2.text', None)

2017-02-23 06:38:22,253 - SF: - INFO:
(26, '\t', 'p1.t', None)

2017-02-23 06:38:22,263 - SF: - INFO:
(29, '\\M', 'p3.M', None)

2017-02-23 06:38:22,263 - SF: - INFO:
(32, 'M', 's1.M', None)

2017-02-23 06:38:22,263 - SF: - INFO:
(28, '\t', 's1.t', None)

2017-02-23 06:38:22,263 - SF: - INFO:
(27, '\\', 's2.0', None)

2017-02-23 22:25:04,903 - SF: - INFO:
ttn = 0 

2017-02-23 22:25:18,526 - SF: - INFO:
Building connection to Mysql...

2017-02-23 22:26:44,382 - SF: - INFO:
(27, '\\', 's2.0', None)

2017-02-23 22:28:08,136 - SF: - INFO:
(27, '\\', 's2.0', None)

2017-02-23 22:28:42,377 - SF: - INFO:
(27, '\\', 's2.0', None)

2017-02-23 22:29:39,692 - SF: - INFO:
(33, '\\\\', 's4.0', None)

2017-02-23 22:29:55,040 - SF: - INFO:
(33, '\\\\', 's4.0', None)

2017-02-23 22:33:28,971 - SF: - INFO:
(27, '\\', 's2.0', None)

2017-02-23 22:35:44,076 - SF: - INFO:
(27, '\\', 's2.0', None)

2017-02-23 22:36:20,944 - SF: - INFO:
(27, '\\', 's2.0', None)

2017-02-23 22:36:30,040 - SF: - INFO:
(27, '\\', 's2.0', None)

2017-02-23 22:37:15,970 - SF: - INFO:
(33, '\\\\', 's4.0', None)

2017-02-23 22:37:26,514 - SF: - INFO:
(33, '\\\\', 's4.0', None)

2017-02-23 22:46:41,186 - SF: - INFO:
(27, '\\', 's2.0', None)

2017-02-25 08:32:11,372 - SF: - INFO:
ttn = 0 

2017-02-25 08:32:52,323 - SF: - INFO:
Building connection to Mysql...

2017-02-25 08:33:03,424 - SF: - INFO:
('information_schema',)

2017-02-25 08:33:03,424 - SF: - INFO:
('again_sql_learn',)

2017-02-25 08:33:03,424 - SF: - INFO:
('mysql',)

2017-02-25 08:33:03,425 - SF: - INFO:
('performance_schema',)

2017-02-25 08:33:03,425 - SF: - INFO:
('spider',)

2017-02-25 08:33:03,425 - SF: - INFO:
('sql-learn',)

2017-02-25 08:33:03,425 - SF: - INFO:
('sys',)

2017-02-25 08:33:03,425 - SF: - INFO:
('tsg_import_study01',)

2017-02-25 09:46:30,645 - SF: - INFO:
('originurl',)

2017-02-25 09:46:30,645 - SF: - INFO:
('temptt',)

2017-02-25 09:46:30,645 - SF: - INFO:
('test',)

2017-02-25 09:46:30,645 - SF: - INFO:
('tips',)

2017-02-25 09:52:04,939 - SF: - INFO:
('originurl',)

2017-02-25 09:52:04,939 - SF: - INFO:
('temptt',)

2017-02-25 09:52:04,940 - SF: - INFO:
('tempttt',)

2017-02-25 09:52:04,940 - SF: - INFO:
('test',)

2017-02-25 09:52:04,940 - SF: - INFO:
('tips',)

2017-02-25 10:37:16,597 - SF: - INFO:
(32, 'M', 's1.M', None)

2017-02-25 10:37:16,597 - SF: - INFO:
(33, '\\\\', 's4.0', None)

2017-02-25 10:37:16,597 - SF: - INFO:
(34, '\x0b just \\\\t my \n love \r best! \n\n\\\\t\\\\tOK', 'p.fei shi bie zhuan yi', None)

2017-02-25 10:37:16,598 - SF: - INFO:
(35, '\x0b just \\\\M my \n love \r best! \n\n\\\\M\\\\MOK', 'p.fei shi bie zhuan yi', None)

2017-02-25 10:37:16,598 - SF: - INFO:
(36, '\\', 's2.0', None)

2017-02-25 10:37:16,598 - SF: - INFO:
(37, '\\M', 's2.M', None)

2017-02-25 10:37:16,599 - SF: - INFO:
(38, '\\M', 's3.M', None)

2017-02-25 10:37:41,453 - SF: - INFO:
(32, 'M', 's1.M', None)

2017-02-25 10:37:41,453 - SF: - INFO:
(33, '\\\\', 's4.0', None)

2017-02-25 10:37:41,454 - SF: - INFO:
(34, '\x0b just \\\\t my \n love \r best! \n\n\\\\t\\\\tOK', 'p.fei shi bie zhuan yi', None)

2017-02-25 10:37:41,454 - SF: - INFO:
(35, '\x0b just \\\\M my \n love \r best! \n\n\\\\M\\\\MOK', 'p.fei shi bie zhuan yi', None)

2017-02-25 10:37:41,454 - SF: - INFO:
(36, '\\', 's2.0', None)

2017-02-25 10:37:41,455 - SF: - INFO:
(37, '\\M', 's2.M', None)

2017-02-25 10:37:41,455 - SF: - INFO:
(38, '\\M', 's3.M', None)

2017-03-04 11:50:37,008 - SF: - INFO:
ttn = 0 

2017-03-04 11:51:03,513 - SF: - INFO:
Building connection to Mysql...

2017-03-04 13:02:19,160 - SF: - INFO:
ttn = 0 

2017-03-04 13:02:19,160 - SF: - INFO:
ttn = 0 

2017-03-04 13:02:19,171 - SF: - INFO:
Building connection to Mysql...

2017-03-04 13:02:19,171 - SF: - INFO:
Building connection to Mysql...

2017-03-04 18:47:23,936 - SF: - INFO:
ttn = 0 

2017-03-04 18:47:24,008 - SF: - INFO:
Building connection to Mysql...

2017-03-04 18:48:46,724 - SF: - INFO:
get fmtime,fctime,fcontent

2017-03-04 18:49:55,645 - SF: - INFO:
get fmtime,fctime,fcontent

2017-03-04 18:50:49,117 - SF: - INFO:
ttn = 0 

2017-03-04 18:50:49,195 - SF: - INFO:
Building connection to Mysql...

2017-03-04 18:50:49,198 - SF: - INFO:
get fmtime,fctime,fcontent

2017-03-04 18:51:24,097 - SF: - INFO:
ttn = 0 

2017-03-04 18:51:24,170 - SF: - INFO:
Building connection to Mysql...

2017-03-04 18:51:24,171 - SF: - INFO:
get fmtime,fctime,fcontent

2017-03-04 18:52:48,256 - SF: - INFO:
ttn = 0 

2017-03-04 18:52:48,329 - SF: - INFO:
Building connection to Mysql...

2017-03-04 18:52:48,331 - SF: - INFO:
get fmtime,fctime,fcontent

2017-03-04 18:55:06,766 - SF: - INFO:
ttn = 0 

2017-03-04 18:55:06,839 - SF: - INFO:
Building connection to Mysql...

2017-03-04 18:55:20,646 - SF: - INFO:
get fmtime,fctime,fcontent

2017-03-04 18:55:20,648 - SF: - ERROR:
error msg
Traceback (most recent call last):
  File "c:\python34\lib\site-packages\ptpython\repl.py", line 118, in _execute
    code = compile_with_flags(line, 'eval')
  File "c:\python34\lib\site-packages\ptpython\repl.py", line 106, in compile_with_flags
    dont_inherit=True)
  File "<stdin>", line 1
    refidadd = fidAdd_sql('./codein/fortest/tt_test.py','sdhfljadsg234sdf')
             ^
SyntaxError: invalid syntax

During handling of the above exception, another exception occurred:

Traceback (most recent call last):
  File "D:\python_learn\codein\fortest\fidAdd_dql.py", line 48, in fidAdd_sql
    ''', fmate)
  File "c:\python34\lib\site-packages\mysql\connector\cursor.py", line 653, in executemany
    stmt = self._batch_insert(operation, seq_params)
  File "c:\python34\lib\site-packages\mysql\connector\cursor.py", line 598, in _batch_insert
    "Not all parameters were used in the SQL statement")
mysql.connector.errors.ProgrammingError: Not all parameters were used in the SQL statement
2017-03-04 18:55:20,652 - SF: - INFO:
Failed to write to Sql

2017-03-04 18:58:36,743 - SF: - INFO:
get fmtime,fctime,fcontent

2017-03-04 18:58:36,744 - SF: - ERROR:
error msg
Traceback (most recent call last):
  File "c:\python34\lib\site-packages\ptpython\repl.py", line 118, in _execute
    code = compile_with_flags(line, 'eval')
  File "c:\python34\lib\site-packages\ptpython\repl.py", line 106, in compile_with_flags
    dont_inherit=True)
  File "<stdin>", line 1
    refidadd = fidAdd_sql('./codein/fortest/tt_test.py','sdhfljadsg234sdf')
             ^
SyntaxError: invalid syntax

During handling of the above exception, another exception occurred:

Traceback (most recent call last):
  File "D:\python_learn\codein\fortest\fidAdd_dql.py", line 48, in fidAdd_sql
    insert into fmate_code( namepath, hashid, fmtime, fctime ) values( %s, @lshs, %s, %s );
  File "c:\python34\lib\site-packages\mysql\connector\cursor.py", line 653, in executemany
    stmt = self._batch_insert(operation, seq_params)
  File "c:\python34\lib\site-packages\mysql\connector\cursor.py", line 598, in _batch_insert
    "Not all parameters were used in the SQL statement")
mysql.connector.errors.ProgrammingError: Not all parameters were used in the SQL statement
2017-03-04 18:58:36,747 - SF: - INFO:
Failed to write to Sql

2017-03-04 18:58:58,341 - SF: - INFO:
get fmtime,fctime,fcontent

2017-03-04 18:58:58,342 - SF: - ERROR:
error msg
Traceback (most recent call last):
  File "D:\python_learn\codein\fortest\fidAdd_dql.py", line 48, in fidAdd_sql
    insert into fmate_code( namepath, hashid, fmtime, fctime ) values( %s, @lshs, %s, %s );
  File "c:\python34\lib\site-packages\mysql\connector\cursor.py", line 653, in executemany
    stmt = self._batch_insert(operation, seq_params)
  File "c:\python34\lib\site-packages\mysql\connector\cursor.py", line 598, in _batch_insert
    "Not all parameters were used in the SQL statement")
mysql.connector.errors.ProgrammingError: Not all parameters were used in the SQL statement
2017-03-04 18:58:58,344 - SF: - INFO:
Failed to write to Sql

2017-03-04 19:03:32,440 - SF: - INFO:
ttn = 0 

2017-03-04 19:03:32,511 - SF: - INFO:
Building connection to Mysql...

2017-03-04 19:03:32,512 - SF: - INFO:
get fmtime,fctime,fcontent

2017-03-04 19:03:32,516 - SF: - ERROR:
error msg
Traceback (most recent call last):
  File "c:\python34\lib\site-packages\ptpython\repl.py", line 118, in _execute
    code = compile_with_flags(line, 'eval')
  File "c:\python34\lib\site-packages\ptpython\repl.py", line 106, in compile_with_flags
    dont_inherit=True)
  File "<stdin>", line 1
    from codein.fortest.fidAdd_dql import fidAdd_sql
       ^
SyntaxError: invalid syntax

During handling of the above exception, another exception occurred:

Traceback (most recent call last):
  File "D:\python_learn\codein\fortest\fidAdd_dql.py", line 49, in fidAdd_sql
    ''', fmate)
  File "c:\python34\lib\site-packages\mysql\connector\cursor.py", line 552, in execute
    self._handle_result(self._connection.cmd_query(stmt))
  File "c:\python34\lib\site-packages\mysql\connector\connection.py", line 490, in cmd_query
    result = self._handle_result(self._send_cmd(ServerCmd.QUERY, query))
  File "c:\python34\lib\site-packages\mysql\connector\connection.py", line 395, in _handle_result
    raise errors.get_exception(packet)
mysql.connector.errors.ProgrammingError: 1054 (42S22): Unknown column 'strhash' in 'field list'
2017-03-04 19:03:32,521 - SF: - INFO:
Failed to write to Sql

2017-03-04 19:04:38,480 - SF: - INFO:
get fmtime,fctime,fcontent

2017-03-04 19:04:38,481 - SF: - ERROR:
error msg
Traceback (most recent call last):
  File "c:\python34\lib\site-packages\ptpython\repl.py", line 118, in _execute
    code = compile_with_flags(line, 'eval')
  File "c:\python34\lib\site-packages\ptpython\repl.py", line 106, in compile_with_flags
    dont_inherit=True)
  File "<stdin>", line 1
    from codein.fortest.fidAdd_dql import fidAdd_sql
       ^
SyntaxError: invalid syntax

During handling of the above exception, another exception occurred:

Traceback (most recent call last):
  File "D:\python_learn\codein\fortest\fidAdd_dql.py", line 49, in fidAdd_sql
    insert into fmate_code( namepath, hashid, fmtime, fctime ) values( %s, @lshs, %s, %s );
  File "c:\python34\lib\site-packages\mysql\connector\cursor.py", line 552, in execute
    self._handle_result(self._connection.cmd_query(stmt))
  File "c:\python34\lib\site-packages\mysql\connector\connection.py", line 490, in cmd_query
    result = self._handle_result(self._send_cmd(ServerCmd.QUERY, query))
  File "c:\python34\lib\site-packages\mysql\connector\connection.py", line 395, in _handle_result
    raise errors.get_exception(packet)
mysql.connector.errors.ProgrammingError: 1054 (42S22): Unknown column 'strhash' in 'field list'
2017-03-04 19:04:38,484 - SF: - INFO:
Failed to write to Sql

2017-03-04 19:05:03,683 - SF: - INFO:
ttn = 0 

2017-03-04 19:05:03,754 - SF: - INFO:
Building connection to Mysql...

2017-03-04 19:05:03,755 - SF: - INFO:
get fmtime,fctime,fcontent

2017-03-04 19:05:03,758 - SF: - ERROR:
error msg
Traceback (most recent call last):
  File "c:\python34\lib\site-packages\ptpython\repl.py", line 118, in _execute
    code = compile_with_flags(line, 'eval')
  File "c:\python34\lib\site-packages\ptpython\repl.py", line 106, in compile_with_flags
    dont_inherit=True)
  File "<stdin>", line 1
    from codein.fortest.fidAdd_dql import fidAdd_sql
       ^
SyntaxError: invalid syntax

During handling of the above exception, another exception occurred:

Traceback (most recent call last):
  File "c:\python34\lib\site-packages\mysql\connector\cursor.py", line 552, in execute
    self._handle_result(self._connection.cmd_query(stmt))
  File "c:\python34\lib\site-packages\mysql\connector\connection.py", line 494, in cmd_query
    'Use cmd_query_iter for statements with multiple queries.')
mysql.connector.errors.InterfaceError: Use cmd_query_iter for statements with multiple queries.

During handling of the above exception, another exception occurred:

Traceback (most recent call last):
  File "D:\python_learn\codein\fortest\fidAdd_dql.py", line 50, in fidAdd_sql
    ''', fmate)
  File "c:\python34\lib\site-packages\mysql\connector\cursor.py", line 556, in execute
    "Use multi=True when executing multiple statements")
mysql.connector.errors.InterfaceError: Use multi=True when executing multiple statements
2017-03-04 19:05:03,763 - SF: - INFO:
Failed to write to Sql

2017-03-04 19:06:01,695 - SF: - INFO:
ttn = 0 

2017-03-04 19:06:01,763 - SF: - INFO:
Building connection to Mysql...

2017-03-04 19:06:01,764 - SF: - INFO:
get fmtime,fctime,fcontent

2017-03-04 19:06:01,765 - SF: - ERROR:
error msg
Traceback (most recent call last):
  File "c:\python34\lib\site-packages\ptpython\repl.py", line 118, in _execute
    code = compile_with_flags(line, 'eval')
  File "c:\python34\lib\site-packages\ptpython\repl.py", line 106, in compile_with_flags
    dont_inherit=True)
  File "<stdin>", line 1
    from codein.fortest.fidAdd_dql import fidAdd_sql
       ^
SyntaxError: invalid syntax

During handling of the above exception, another exception occurred:

Traceback (most recent call last):
  File "D:\python_learn\codein\fortest\fidAdd_dql.py", line 51, in fidAdd_sql
    return cursor.fetchall()
  File "c:\python34\lib\site-packages\mysql\connector\cursor.py", line 882, in fetchall
    raise errors.InterfaceError("No result set to fetch from.")
mysql.connector.errors.InterfaceError: No result set to fetch from.
2017-03-04 19:06:01,768 - SF: - INFO:
Failed to write to Sql

2017-03-04 19:07:07,481 - SF: - INFO:
ttn = 0 

2017-03-04 19:07:07,550 - SF: - INFO:
Building connection to Mysql...

2017-03-04 19:07:07,551 - SF: - INFO:
get fmtime,fctime,fcontent

2017-03-04 19:07:07,552 - SF: - ERROR:
error msg
Traceback (most recent call last):
  File "c:\python34\lib\site-packages\ptpython\repl.py", line 118, in _execute
    code = compile_with_flags(line, 'eval')
  File "c:\python34\lib\site-packages\ptpython\repl.py", line 106, in compile_with_flags
    dont_inherit=True)
  File "<stdin>", line 1
    from codein.fortest.fidAdd_dql import fidAdd_sql
       ^
SyntaxError: invalid syntax

During handling of the above exception, another exception occurred:

Traceback (most recent call last):
  File "D:\python_learn\codein\fortest\fidAdd_dql.py", line 51, in fidAdd_sql
    return cursor.fetchall()
  File "c:\python34\lib\site-packages\mysql\connector\cursor.py", line 882, in fetchall
    raise errors.InterfaceError("No result set to fetch from.")
mysql.connector.errors.InterfaceError: No result set to fetch from.
2017-03-04 19:07:07,555 - SF: - INFO:
Failed to write to Sql

2017-03-04 19:08:15,716 - SF: - INFO:
Building connection to Mysql...

2017-03-04 19:18:50,477 - SF: - INFO:
Building connection to Mysql...

2017-03-04 19:22:12,968 - SF: - INFO:
get fmtime,fctime,fcontent

2017-03-04 19:22:12,969 - SF: - ERROR:
error msg
Traceback (most recent call last):
  File "c:\python34\lib\site-packages\ptpython\repl.py", line 118, in _execute
    code = compile_with_flags(line, 'eval')
  File "c:\python34\lib\site-packages\ptpython\repl.py", line 106, in compile_with_flags
    dont_inherit=True)
  File "<stdin>", line 1
    from codein.fortest.fidAdd_dql import fidAdd_sql
       ^
SyntaxError: invalid syntax

During handling of the above exception, another exception occurred:

Traceback (most recent call last):
  File "D:\python_learn\codein\fortest\fidAdd_dql.py", line 51, in fidAdd_sql
    cursor.execute('select @lshs')
  File "c:\python34\lib\site-packages\mysql\connector\cursor.py", line 882, in fetchall
    raise errors.InterfaceError("No result set to fetch from.")
mysql.connector.errors.InterfaceError: No result set to fetch from.
2017-03-04 19:22:12,971 - SF: - INFO:
Failed to write to Sql

2017-03-04 19:22:34,066 - SF: - INFO:
ttn = 0 

2017-03-04 19:22:34,164 - SF: - INFO:
Building connection to Mysql...

2017-03-04 19:22:34,165 - SF: - INFO:
get fmtime,fctime,fcontent

2017-03-04 19:25:35,851 - SF: - INFO:
ttn = 0 

2017-03-04 19:25:35,921 - SF: - INFO:
Building connection to Mysql...

2017-03-04 19:25:35,922 - SF: - INFO:
get fmtime,fctime,fcontent

2017-03-04 19:25:35,923 - SF: - ERROR:
error msg
Traceback (most recent call last):
  File "c:\python34\lib\site-packages\ptpython\repl.py", line 118, in _execute
    code = compile_with_flags(line, 'eval')
  File "c:\python34\lib\site-packages\ptpython\repl.py", line 106, in compile_with_flags
    dont_inherit=True)
  File "<stdin>", line 1
    from codein.fortest.fidAdd_dql import fidAdd_sql
       ^
SyntaxError: invalid syntax

During handling of the above exception, another exception occurred:

Traceback (most recent call last):
  File "D:\python_learn\codein\fortest\fidAdd_dql.py", line 52, in fidAdd_sql
    mconn.commit()
  File "c:\python34\lib\site-packages\mysql\connector\connection.py", line 852, in commit
    self._execute_query("COMMIT")
  File "c:\python34\lib\site-packages\mysql\connector\connection.py", line 870, in _execute_query
    self.handle_unread_result()
  File "c:\python34\lib\site-packages\mysql\connector\connection.py", line 1059, in handle_unread_result
    raise errors.InternalError("Unread result found")
mysql.connector.errors.InternalError: Unread result found
2017-03-04 19:25:35,927 - SF: - INFO:
Failed to write to Sql

2017-03-04 19:26:09,268 - SF: - INFO:
get fmtime,fctime,fcontent

2017-03-04 19:26:09,269 - SF: - ERROR:
error msg
Traceback (most recent call last):
  File "c:\python34\lib\site-packages\ptpython\repl.py", line 118, in _execute
    code = compile_with_flags(line, 'eval')
  File "c:\python34\lib\site-packages\ptpython\repl.py", line 106, in compile_with_flags
    dont_inherit=True)
  File "<stdin>", line 1
    from codein.fortest.fidAdd_dql import fidAdd_sql
       ^
SyntaxError: invalid syntax

During handling of the above exception, another exception occurred:

Traceback (most recent call last):
  File "D:\python_learn\codein\fortest\fidAdd_dql.py", line 50, in fidAdd_sql
    ''', fmate, multi = True)
  File "c:\python34\lib\site-packages\mysql\connector\cursor.py", line 522, in execute
    self._connection.handle_unread_result()
  File "c:\python34\lib\site-packages\mysql\connector\connection.py", line 1059, in handle_unread_result
    raise errors.InternalError("Unread result found")
mysql.connector.errors.InternalError: Unread result found
2017-03-04 19:26:09,271 - SF: - INFO:
Failed to write to Sql

2017-03-04 19:26:45,945 - SF: - INFO:
ttn = 0 

2017-03-04 19:26:46,014 - SF: - INFO:
Building connection to Mysql...

2017-03-04 19:26:46,016 - SF: - INFO:
get fmtime,fctime,fcontent

2017-03-04 19:26:46,017 - SF: - ERROR:
error msg
Traceback (most recent call last):
  File "c:\python34\lib\site-packages\ptpython\repl.py", line 118, in _execute
    code = compile_with_flags(line, 'eval')
  File "c:\python34\lib\site-packages\ptpython\repl.py", line 106, in compile_with_flags
    dont_inherit=True)
  File "<stdin>", line 1
    from codein.fortest.fidAdd_dql import fidAdd_sql
       ^
SyntaxError: invalid syntax

During handling of the above exception, another exception occurred:

Traceback (most recent call last):
  File "D:\python_learn\codein\fortest\fidAdd_dql.py", line 52, in fidAdd_sql
    mconn.commit()
  File "c:\python34\lib\site-packages\mysql\connector\connection.py", line 852, in commit
    self._execute_query("COMMIT")
  File "c:\python34\lib\site-packages\mysql\connector\connection.py", line 870, in _execute_query
    self.handle_unread_result()
  File "c:\python34\lib\site-packages\mysql\connector\connection.py", line 1059, in handle_unread_result
    raise errors.InternalError("Unread result found")
mysql.connector.errors.InternalError: Unread result found
2017-03-04 19:26:46,021 - SF: - INFO:
Failed to write to Sql

2017-03-04 19:27:56,665 - SF: - INFO:
ttn = 0 

2017-03-04 19:27:56,749 - SF: - INFO:
Building connection to Mysql...

2017-03-04 19:27:56,749 - SF: - INFO:
get fmtime,fctime,fcontent

2017-03-04 19:29:08,387 - SF: - INFO:
get fmtime,fctime,fcontent

2017-03-04 19:31:59,453 - SF: - INFO:
Building connection to Mysql...

2017-03-04 21:28:29,795 - SF: - INFO:
get fmtime,fctime,fcontent

2017-03-04 21:29:46,556 - SF: - INFO:
ttn = 0 

2017-03-04 21:29:46,652 - SF: - INFO:
Building connection to Mysql...

2017-03-04 21:30:14,216 - SF: - INFO:
get fmtime,fctime,fcontent

2017-03-04 21:30:14,217 - SF: - ERROR:
error msg
Traceback (most recent call last):
  File "c:\python34\lib\site-packages\ptpython\repl.py", line 118, in _execute
    code = compile_with_flags(line, 'eval')
  File "c:\python34\lib\site-packages\ptpython\repl.py", line 106, in compile_with_flags
    dont_inherit=True)
  File "<stdin>", line 1
    refidadd = fidAdd_sql('./codein/fortest/tt_test.py','sdhfljadsg234sdf')
             ^
SyntaxError: invalid syntax

During handling of the above exception, another exception occurred:

Traceback (most recent call last):
  File "D:\python_learn\codein\fortest\fidAdd_dql.py", line 50, in fidAdd_sql
    cursor.execute('''insert into hash_code( strhash ) values( %s );''',lhs)
NameError: name 'lhs' is not defined
2017-03-04 21:30:14,218 - SF: - INFO:
Failed to write to Sql

2017-03-04 21:32:31,548 - SF: - INFO:
ttn = 0 

2017-03-04 21:32:31,618 - SF: - INFO:
Building connection to Mysql...

2017-03-04 21:32:35,813 - SF: - INFO:
get fmtime,fctime,fcontent

2017-03-04 21:36:42,869 - SF: - INFO:
get fmtime,fctime,fcontent

2017-03-04 21:45:09,538 - SF: - INFO:
get fmtime,fctime,fcontent

2017-03-04 21:45:09,578 - SF: - ERROR:
error msg
Traceback (most recent call last):
  File "c:\python34\lib\site-packages\ptpython\repl.py", line 118, in _execute
    code = compile_with_flags(line, 'eval')
  File "c:\python34\lib\site-packages\ptpython\repl.py", line 106, in compile_with_flags
    dont_inherit=True)
  File "<stdin>", line 1
    refidadd = fidAdd_sql('./codein/fortest/fidAdd_dql.py','sdhfljadsg234sdf')
             ^
SyntaxError: invalid syntax

During handling of the above exception, another exception occurred:

Traceback (most recent call last):
  File "D:\python_learn\codein\fortest\fidAdd_dql.py", line 51, in fidAdd_sql
    cursor.execute('''insert into hash_code( strhash ) values( %s );''',lhs)
  File "c:\python34\lib\site-packages\mysql\connector\cursor.py", line 552, in execute
    self._handle_result(self._connection.cmd_query(stmt))
  File "c:\python34\lib\site-packages\mysql\connector\connection.py", line 490, in cmd_query
    result = self._handle_result(self._send_cmd(ServerCmd.QUERY, query))
  File "c:\python34\lib\site-packages\mysql\connector\connection.py", line 395, in _handle_result
    raise errors.get_exception(packet)
mysql.connector.errors.IntegrityError: 1062 (23000): Duplicate entry 'sdhfljadsg234sdf' for key 'strhash'
2017-03-04 21:45:09,582 - SF: - INFO:
Failed to write to Sql

2017-03-04 21:45:18,742 - SF: - INFO:
get fmtime,fctime,fcontent

2017-03-05 06:36:45,319 - SF: - INFO:
ttn = 0 

2017-03-05 06:36:45,516 - SF: - INFO:
Building connection to Mysql...

2017-03-05 06:40:04,858 - SF: - INFO:
ttn = 0 

2017-03-05 06:40:04,928 - SF: - INFO:
Building connection to Mysql...

2017-03-05 08:39:20,599 - SF: - INFO:
ttn = 0 

2017-03-05 08:39:20,599 - SF: - INFO:
ttn = 0 

2017-03-05 08:39:40,955 - SF: - INFO:
Building connection to Mysql...

2017-03-05 08:39:40,955 - SF: - INFO:
Building connection to Mysql...

2017-03-05 08:40:18,873 - SF: - INFO:
('information_schema',)

2017-03-05 08:40:18,873 - SF: - INFO:
('information_schema',)

2017-03-05 08:40:18,873 - SF: - INFO:
('again_sql_learn',)

2017-03-05 08:40:18,873 - SF: - INFO:
('again_sql_learn',)

2017-03-05 08:40:18,874 - SF: - INFO:
('fortest',)

2017-03-05 08:40:18,874 - SF: - INFO:
('fortest',)

2017-03-05 08:40:18,874 - SF: - INFO:
('mysql',)

2017-03-05 08:40:18,874 - SF: - INFO:
('mysql',)

2017-03-05 08:40:18,874 - SF: - INFO:
('performance_schema',)

2017-03-05 08:40:18,874 - SF: - INFO:
('performance_schema',)

2017-03-05 08:40:18,875 - SF: - INFO:
('spider',)

2017-03-05 08:40:18,875 - SF: - INFO:
('spider',)

2017-03-05 08:40:18,875 - SF: - INFO:
('sql-learn',)

2017-03-05 08:40:18,875 - SF: - INFO:
('sql-learn',)

2017-03-05 08:40:18,875 - SF: - INFO:
('sys',)

2017-03-05 08:40:18,875 - SF: - INFO:
('sys',)

2017-03-05 08:40:18,876 - SF: - INFO:
('tsg_import_study01',)

2017-03-05 08:40:18,876 - SF: - INFO:
('tsg_import_study01',)

2017-03-05 08:53:23,961 - SF: - INFO:
Building connection to Mysql...

2017-03-05 08:53:23,961 - SF: - INFO:
Building connection to Mysql...

2017-03-05 08:54:20,281 - SF: - INFO:
ttn = 0 

2017-03-05 08:54:20,358 - SF: - INFO:
Building connection to Mysql...

2017-03-05 14:27:56,559 - SF: - INFO:
ttn = 0 

2017-03-05 14:27:56,628 - SF: - INFO:
Building connection to Mysql...

2017-03-10 05:58:02,596 - SF: - INFO:
ttn = 0 

2017-03-10 05:58:53,086 - SF: - INFO:
Building connection to Mysql...

2017-03-11 06:43:12,470 - SF: - INFO:
ttn = 0 

2017-03-11 06:44:24,515 - SF: - INFO:
Building connection to Mysql...

